<?xml version="1.0" encoding="UTF-8"?>
<!-- Generated by org.testng.reporters.JUnitReportReporter -->
<testsuite hostname="DESKTOP-KINJPVI" failures="0" tests="1" name="Testing.CreateRec_Post" time="12.311" errors="0" timestamp="2024-09-28T11:04:40 IST" skipped="0">
  <testcase classname="Testing.CreateRec_Post" name="PostData01" time="12.311"/>
  <system-out/>
</testsuite> <!-- Testing.CreateRec_Post -->
