<?xml version="1.0" encoding="UTF-8"?>
<!-- Generated by org.testng.reporters.JUnitReportReporter -->
<testsuite hostname="DESKTOP-KINJPVI" failures="0" tests="1" name="Testing.LTMSTesting" time="0.000" errors="0" timestamp="2023-05-13T18:58:38 IST" skipped="1">
  <testcase classname="Testing.LTMSTesting" name="LTMS_Test" time="0.000">
    <skipped/>
  </testcase> <!-- LTMS_Test -->
  <system-out/>
</testsuite> <!-- Testing.LTMSTesting -->
