<?xml version="1.0" encoding="UTF-8"?>
<!-- Generated by org.testng.reporters.JUnitReportReporter -->
<testsuite hostname="DESKTOP-KINJPVI" failures="0" tests="1" name="com.utlity.BaseSetup" time="7.228" errors="0" timestamp="2024-01-15T00:32:30 IST" skipped="0">
  <testcase classname="com.utlity.BaseSetup" name="LaunchBrowser" time="7.228"/>
  <system-out/>
</testsuite> <!-- com.utlity.BaseSetup -->
