<?xml version="1.0" encoding="UTF-8"?>
<!-- Generated by org.testng.reporters.JUnitReportReporter -->
<testsuite hostname="DESKTOP-KINJPVI" failures="0" tests="1" name="Testing.OpenBrowser" time="12.083" errors="0" timestamp="2024-01-15T00:31:53 IST" skipped="0">
  <testcase classname="Testing.OpenBrowser" name="log" time="12.083"/>
  <system-out/>
</testsuite> <!-- Testing.OpenBrowser -->
