<?xml version="1.0" encoding="UTF-8"?>
<!-- Generated by org.testng.reporters.JUnitReportReporter -->
<testsuite hostname="DESKTOP-KINJPVI" failures="0" tests="1" name="Testing.LTMSTest" time="0.000" errors="0" timestamp="2023-05-13T18:57:34 IST" skipped="1">
  <testcase classname="Testing.LTMSTest" name="LTMS_Receive_Samples_Test" time="0.000">
    <skipped/>
  </testcase> <!-- LTMS_Receive_Samples_Test -->
  <system-out/>
</testsuite> <!-- Testing.LTMSTest -->
